E:\CS 221 - COMPUTER SCIENCE II - DATA STRUCTURES\CS221PROGRAMMINGASSIGNMENTS\PROGRAMASSIGNMENTFOUR\PROGRAMASSIGNMENTFOUR\DEBUG\VC110.PDB
E:\CS 221 - COMPUTER SCIENCE II - DATA STRUCTURES\CS221PROGRAMMINGASSIGNMENTS\PROGRAMASSIGNMENTFOUR\PROGRAMASSIGNMENTFOUR\DEBUG\MAIN.OBJ
E:\CS 221 - COMPUTER SCIENCE II - DATA STRUCTURES\CS221PROGRAMMINGASSIGNMENTS\PROGRAMASSIGNMENTFOUR\DEBUG\PROGRAMASSIGNMENTFOUR.ILK
E:\CS 221 - COMPUTER SCIENCE II - DATA STRUCTURES\CS221PROGRAMMINGASSIGNMENTS\PROGRAMASSIGNMENTFOUR\DEBUG\PROGRAMASSIGNMENTFOUR.EXE
E:\CS 221 - COMPUTER SCIENCE II - DATA STRUCTURES\CS221PROGRAMMINGASSIGNMENTS\PROGRAMASSIGNMENTFOUR\DEBUG\PROGRAMASSIGNMENTFOUR.PDB
E:\CS 221 - Computer Science II - Data Structures\CS221ProgrammingAssignments\ProgramAssignmentFour\ProgramAssignmentFour\Debug\Main.obj
E:\CS 221 - Computer Science II - Data Structures\CS221ProgrammingAssignments\ProgramAssignmentFour\ProgramAssignmentFour\Debug\CL.read.1.tlog
E:\CS 221 - Computer Science II - Data Structures\CS221ProgrammingAssignments\ProgramAssignmentFour\ProgramAssignmentFour\Debug\CL.write.1.tlog
E:\CS 221 - Computer Science II - Data Structures\CS221ProgrammingAssignments\ProgramAssignmentFour\ProgramAssignmentFour\Debug\cl.command.1.tlog
E:\CS 221 - Computer Science II - Data Structures\CS221ProgrammingAssignments\ProgramAssignmentFour\ProgramAssignmentFour\Debug\link-rc.read.1.tlog
E:\CS 221 - Computer Science II - Data Structures\CS221ProgrammingAssignments\ProgramAssignmentFour\ProgramAssignmentFour\Debug\link-rc.write.1.tlog
E:\CS 221 - Computer Science II - Data Structures\CS221ProgrammingAssignments\ProgramAssignmentFour\ProgramAssignmentFour\Debug\link-cvtres.read.1.tlog
E:\CS 221 - Computer Science II - Data Structures\CS221ProgrammingAssignments\ProgramAssignmentFour\ProgramAssignmentFour\Debug\link-cvtres.write.1.tlog
E:\CS 221 - Computer Science II - Data Structures\CS221ProgrammingAssignments\ProgramAssignmentFour\ProgramAssignmentFour\Debug\link.read.1.tlog
E:\CS 221 - Computer Science II - Data Structures\CS221ProgrammingAssignments\ProgramAssignmentFour\ProgramAssignmentFour\Debug\link.write.1.tlog
E:\CS 221 - Computer Science II - Data Structures\CS221ProgrammingAssignments\ProgramAssignmentFour\ProgramAssignmentFour\Debug\link.command.1.tlog
E:\CS 221 - Computer Science II - Data Structures\CS221ProgrammingAssignments\ProgramAssignmentFour\ProgramAssignmentFour\Debug\link.4756-rc.read.1.tlog
E:\CS 221 - Computer Science II - Data Structures\CS221ProgrammingAssignments\ProgramAssignmentFour\ProgramAssignmentFour\Debug\link.4756-rc.write.1.tlog
E:\CS 221 - Computer Science II - Data Structures\CS221ProgrammingAssignments\ProgramAssignmentFour\ProgramAssignmentFour\Debug\link.4756-cvtres.read.1.tlog
E:\CS 221 - Computer Science II - Data Structures\CS221ProgrammingAssignments\ProgramAssignmentFour\ProgramAssignmentFour\Debug\link.4756-cvtres.write.1.tlog
E:\CS 221 - Computer Science II - Data Structures\CS221ProgrammingAssignments\ProgramAssignmentFour\ProgramAssignmentFour\Debug\link.4756.read.1.tlog
E:\CS 221 - Computer Science II - Data Structures\CS221ProgrammingAssignments\ProgramAssignmentFour\ProgramAssignmentFour\Debug\link.4756.write.1.tlog
E:\CS 221 - Computer Science II - Data Structures\CS221ProgrammingAssignments\ProgramAssignmentFour\ProgramAssignmentFour\Debug\link.7924-rc.read.1.tlog
E:\CS 221 - Computer Science II - Data Structures\CS221ProgrammingAssignments\ProgramAssignmentFour\ProgramAssignmentFour\Debug\link.7924-rc.write.1.tlog
E:\CS 221 - Computer Science II - Data Structures\CS221ProgrammingAssignments\ProgramAssignmentFour\ProgramAssignmentFour\Debug\link.7924-cvtres.read.1.tlog
E:\CS 221 - Computer Science II - Data Structures\CS221ProgrammingAssignments\ProgramAssignmentFour\ProgramAssignmentFour\Debug\link.7924-cvtres.write.1.tlog
E:\CS 221 - Computer Science II - Data Structures\CS221ProgrammingAssignments\ProgramAssignmentFour\ProgramAssignmentFour\Debug\link.7924.read.1.tlog
E:\CS 221 - Computer Science II - Data Structures\CS221ProgrammingAssignments\ProgramAssignmentFour\ProgramAssignmentFour\Debug\link.7924.write.1.tlog
E:\CS 221 - Computer Science II - Data Structures\CS221ProgrammingAssignments\ProgramAssignmentFour\ProgramAssignmentFour\Debug\vc110.idb
E:\CS 221 - Computer Science II - Data Structures\CS221ProgrammingAssignments\ProgramAssignmentFour\ProgramAssignmentFour\Debug\vc110.pdb
E:\CS 221 - Computer Science II - Data Structures\CS221ProgrammingAssignments\ProgramAssignmentFour\Debug\ProgramAssignmentFour.pdb
E:\CS 221 - Computer Science II - Data Structures\CS221ProgrammingAssignments\ProgramAssignmentFour\Debug\ProgramAssignmentFour.exe
E:\CS 221 - Computer Science II - Data Structures\CS221ProgrammingAssignments\ProgramAssignmentFour\Debug\ProgramAssignmentFour.ilk
